<?xml version="1.0" encoding="UTF-8"?>
<!-- $Id: test-default.xml 3508 2008-08-31 10:03:03Z lars $ -->
<betterform-config>
    <properties>
        <property name="xforms.schema" value="XFormsDatatypes11.xsd"/>
        
        <property name="test.property" value="test.value"/>
        <property name="betterform.stylesheets.compiled" value="false"/>

        <property name="betterform.web.dataPrefix" value="d"/>
        <property name="betterform.web.triggerPrefix" value="t"/>
        <property name="betterform.ui.initializeDeselectedCases" value="true"/>
        <property name="enable.l10n" value="false"/>
        
    </properties>

    <!--You can specify an alternate connector factory class-->
    <connectors factoryClass="test.factory">
        <uri-resolver scheme="test.scheme" class="test.class"/>
        <submission-handler scheme="test.scheme" class="test.class"/>
        <uri-resolver scheme="file" class="de.betterform.connector.file.FileURIResolver"/>
        
    </connectors>

</betterform-config>
