<?xml version="1.0" encoding="UTF-8"?>
<data xmlns="">
    <showResults>false</showResults>
    <product-id>betterForm 3.0</product-id>
    <selectedChapter result="" clear="">Empty</selectedChapter>
    <selectedConfig>Win-Vista64-FF-3.0</selectedConfig>
    <configs>
        <config path="Mac-10.5-FF-3.0">Mac OS X 10.5 Firefox 3.0</config>
        <config path="Linux-Debian-2-6.29-Iceweasel-3.0">Debian Linux 2.6.29 Iceweasel 3.0</config>
        <!--<config path="Win-XPSP3-IE-6.0">Windows XP SP3 Internet Explorer 6.0</config>-->
        <config path="Win-Vista64-FF-3.0">Windows Vista64 Firefox 3.0</config>
    </configs>
</data>
