<?xml version="1.0" encoding="UTF-8"?><data>
    <selectedChapter clear="XF11TestSuiteChpt2" result="XF11_02_Results">Chapter2</selectedChapter>
    <product-id>Chiba-Web-3.0.0b1</product-id>
    <config>
        <os name="" version=""/>
        <browser name="" version=""/>
        <betterform version="3.0.0b1" revision="" branch="">
            <version>2.1.0</version>
            <version>2.2.0</version>
            <version>3.0.0b1</version>
            <version>3.0.0b2-SNAPSHOT</version>
            <version>svn branch</version>
            <version>svn trunk</version>
        </betterform>
    </config>
</data>